[2026-02-10 15:56:25] error: Get transaction history error: Failed query: select "id", "name", "upi_id" from "users" where "users"."id" IN ($1)
params: 
[2026-02-10 15:56:26] error: Get transaction history error: Failed query: select "id", "name", "upi_id" from "users" where "users"."id" IN ($1)
params: 
[2026-02-10 15:57:38] error: Get transaction history error: Failed query: select "id", "name", "upi_id" from "users" where "users"."id" IN ($1)
params: 
[2026-02-10 15:57:39] error: Get transaction history error: Failed query: select "id", "name", "upi_id" from "users" where "users"."id" IN ($1)
params: 
[2026-02-10 15:57:45] error: Get transaction history error: Failed query: select "id", "name", "upi_id" from "users" where "users"."id" IN ($1)
params: 
[2026-02-10 15:58:58] error: Get transaction history error: Failed query: select "id", "name", "upi_id" from "users" where "users"."id" IN ($1)
params: 
[2026-02-10 15:58:58] error: Get transaction history error: Failed query: select "id", "name", "upi_id" from "users" where "users"."id" IN ($1)
params: 
[2026-02-10 15:59:36] error: Get transaction history error: Failed query: select "id", "name", "upi_id" from "users" where "users"."id" IN ($1)
params: 
[2026-02-10 15:59:36] error: Get transaction history error: Failed query: select "id", "name", "upi_id" from "users" where "users"."id" IN ($1)
params: 
[2026-02-10 15:59:48] error: Add money error: Failed query: select "id", "name", "email", "mobile", "pan_card", "aadhaar_number", "password", "is_verified", "otp", "otp_expiry", "upi_id", "wallet_balance", "created_at", "updated_at" from "users" where "users"."id" = $1
params: 3
[2026-02-10 15:59:57] error: Add money error: Failed query: select "id", "name", "email", "mobile", "pan_card", "aadhaar_number", "password", "is_verified", "otp", "otp_expiry", "upi_id", "wallet_balance", "created_at", "updated_at" from "users" where "users"."id" = $1
params: 3
[2026-02-10 16:05:26] error: Get transaction history error: Failed query: select "id", "name", "upi_id" from "users" where "users"."id" IN ($1)
params: 
[2026-02-10 16:05:34] error: Get transaction history error: Failed query: select "id", "name", "upi_id" from "users" where "users"."id" IN ($1)
params: 
[2026-02-10 16:08:45] error: Get transaction history error: Failed query: select "id", "name", "upi_id" from "users" where "users"."id" IN ($1)
params: 
[2026-02-10 16:08:45] error: Get transaction history error: Failed query: select "id", "name", "upi_id" from "users" where "users"."id" IN ($1)
params: 
[2026-02-10 16:33:39] error: Profile fetch error: Failed query: select "id", "name", "email", "mobile", "pan_card", "aadhaar_number", "is_verified", "created_at" from "users" where "users"."id" = $1
params: 4
[2026-02-10 16:33:39] error: Get wallet balance error: Failed query: select "wallet_balance", "upi_id", "name" from "users" where "users"."id" = $1
params: 4
[2026-02-10 16:33:39] error: Profile fetch error: Failed query: select "id", "name", "email", "mobile", "pan_card", "aadhaar_number", "is_verified", "created_at" from "users" where "users"."id" = $1
params: 4
[2026-02-10 16:33:39] error: Get wallet balance error: Failed query: select "wallet_balance", "upi_id", "name" from "users" where "users"."id" = $1
params: 4
[2026-02-10 23:56:52] error: Get loan applications error: Failed query: select "id", "user_id", "loan_type", "monthly_income", "employment_type", "credit_score", "age", "existing_emi", "desired_tenure", "desired_amount", "city", "eligible_amount", "is_eligible", "bank_offers", "loan_specific_details", "created_at" from "loan_applications" where "loan_applications"."user_id" = $1 order by "loan_applications"."created_at" desc limit $2
params: 4,10
[2026-02-10 23:56:52] error: Get loan applications error: Failed query: select "id", "user_id", "loan_type", "monthly_income", "employment_type", "credit_score", "age", "existing_emi", "desired_tenure", "desired_amount", "city", "eligible_amount", "is_eligible", "bank_offers", "loan_specific_details", "created_at" from "loan_applications" where "loan_applications"."user_id" = $1 order by "loan_applications"."created_at" desc limit $2
params: 4,10
[2026-02-11 00:12:27] error: Get loan applications error: Failed query: select "id", "user_id", "loan_type", "monthly_income", "employment_type", "credit_score", "age", "existing_emi", "desired_tenure", "desired_amount", "city", "eligible_amount", "is_eligible", "bank_offers", "loan_specific_details", "created_at" from "loan_applications" where "loan_applications"."user_id" = $1 order by "loan_applications"."created_at" desc limit $2
params: 4,10
[2026-02-11 00:12:27] error: Get user loan profile error: Failed query: select "id", "user_id", "monthly_income", "employment_type", "credit_score", "age", "existing_emi", "city", "saved_details", "updated_at" from "user_loan_profiles" where "user_loan_profiles"."user_id" = $1
params: 4
[2026-02-11 00:12:27] error: Get wallet balance error: Failed query: select "wallet_balance", "upi_id", "name" from "users" where "users"."id" = $1
params: 4
[2026-02-11 00:12:27] error: Get transaction history error: Failed query: select "id", "transaction_id", "sender_id", "receiver_id", "amount", "status", "type", "description", "created_at", "completed_at" from "transactions" where ("transactions"."sender_id" = $1 or "transactions"."receiver_id" = $2) order by "transactions"."created_at" desc limit $3
params: 4,4,4
[2026-02-11 00:12:28] error: Get transaction history error: Failed query: select "id", "transaction_id", "sender_id", "receiver_id", "amount", "status", "type", "description", "created_at", "completed_at" from "transactions" where ("transactions"."sender_id" = $1 or "transactions"."receiver_id" = $2) order by "transactions"."created_at" desc limit $3
params: 4,4,20
[2026-02-11 00:12:28] error: Get loan applications error: Failed query: select "id", "user_id", "loan_type", "monthly_income", "employment_type", "credit_score", "age", "existing_emi", "desired_tenure", "desired_amount", "city", "eligible_amount", "is_eligible", "bank_offers", "loan_specific_details", "created_at" from "loan_applications" where "loan_applications"."user_id" = $1 order by "loan_applications"."created_at" desc limit $2
params: 4,10
[2026-02-11 00:12:28] error: Get user loan profile error: Failed query: select "id", "user_id", "monthly_income", "employment_type", "credit_score", "age", "existing_emi", "city", "saved_details", "updated_at" from "user_loan_profiles" where "user_loan_profiles"."user_id" = $1
params: 4
[2026-02-11 00:12:28] error: Get wallet balance error: Failed query: select "wallet_balance", "upi_id", "name" from "users" where "users"."id" = $1
params: 4
[2026-02-11 00:12:28] error: Get transaction history error: Failed query: select "id", "transaction_id", "sender_id", "receiver_id", "amount", "status", "type", "description", "created_at", "completed_at" from "transactions" where ("transactions"."sender_id" = $1 or "transactions"."receiver_id" = $2) order by "transactions"."created_at" desc limit $3
params: 4,4,4
[2026-02-11 00:12:28] error: Get transaction history error: Failed query: select "id", "transaction_id", "sender_id", "receiver_id", "amount", "status", "type", "description", "created_at", "completed_at" from "transactions" where ("transactions"."sender_id" = $1 or "transactions"."receiver_id" = $2) order by "transactions"."created_at" desc limit $3
params: 4,4,20
[2026-02-11 00:45:57] error: Get wallet balance error: Failed query: select "wallet_balance", "upi_id", "name" from "users" where "users"."id" = $1
params: 4
[2026-02-11 00:45:57] error: Get transaction history error: Failed query: select "id", "transaction_id", "sender_id", "receiver_id", "amount", "status", "type", "description", "created_at", "completed_at" from "transactions" where ("transactions"."sender_id" = $1 or "transactions"."receiver_id" = $2) order by "transactions"."created_at" desc limit $3
params: 4,4,4
[2026-02-11 00:45:57] error: Get transaction history error: Failed query: select "id", "transaction_id", "sender_id", "receiver_id", "amount", "status", "type", "description", "created_at", "completed_at" from "transactions" where ("transactions"."sender_id" = $1 or "transactions"."receiver_id" = $2) order by "transactions"."created_at" desc limit $3
params: 4,4,20
[2026-02-11 00:45:57] error: Get wallet balance error: Failed query: select "wallet_balance", "upi_id", "name" from "users" where "users"."id" = $1
params: 4
[2026-02-11 00:45:57] error: Get transaction history error: Failed query: select "id", "transaction_id", "sender_id", "receiver_id", "amount", "status", "type", "description", "created_at", "completed_at" from "transactions" where ("transactions"."sender_id" = $1 or "transactions"."receiver_id" = $2) order by "transactions"."created_at" desc limit $3
params: 4,4,4
[2026-02-11 00:45:57] error: Get transaction history error: Failed query: select "id", "transaction_id", "sender_id", "receiver_id", "amount", "status", "type", "description", "created_at", "completed_at" from "transactions" where ("transactions"."sender_id" = $1 or "transactions"."receiver_id" = $2) order by "transactions"."created_at" desc limit $3
params: 4,4,20
[2026-02-11 00:45:57] error: Get wallet balance error: Failed query: select "wallet_balance", "upi_id", "name" from "users" where "users"."id" = $1
params: 4
[2026-02-11 00:45:57] error: Get transaction history error: Failed query: select "id", "transaction_id", "sender_id", "receiver_id", "amount", "status", "type", "description", "created_at", "completed_at" from "transactions" where ("transactions"."sender_id" = $1 or "transactions"."receiver_id" = $2) order by "transactions"."created_at" desc limit $3
params: 4,4,4
[2026-02-11 00:45:57] error: Get transaction history error: Failed query: select "id", "transaction_id", "sender_id", "receiver_id", "amount", "status", "type", "description", "created_at", "completed_at" from "transactions" where ("transactions"."sender_id" = $1 or "transactions"."receiver_id" = $2) order by "transactions"."created_at" desc limit $3
params: 4,4,20
[2026-02-11 00:45:57] error: Get wallet balance error: Failed query: select "wallet_balance", "upi_id", "name" from "users" where "users"."id" = $1
params: 4
[2026-02-11 00:45:57] error: Get transaction history error: Failed query: select "id", "transaction_id", "sender_id", "receiver_id", "amount", "status", "type", "description", "created_at", "completed_at" from "transactions" where ("transactions"."sender_id" = $1 or "transactions"."receiver_id" = $2) order by "transactions"."created_at" desc limit $3
params: 4,4,4
[2026-02-11 00:45:57] error: Get transaction history error: Failed query: select "id", "transaction_id", "sender_id", "receiver_id", "amount", "status", "type", "description", "created_at", "completed_at" from "transactions" where ("transactions"."sender_id" = $1 or "transactions"."receiver_id" = $2) order by "transactions"."created_at" desc limit $3
params: 4,4,20
[2026-02-11 01:16:07] error: Get wallet balance error: Failed query: select "wallet_balance", "upi_id", "name" from "users" where "users"."id" = $1
params: 4
[2026-02-11 01:16:07] error: Get transaction history error: Failed query: select "id", "transaction_id", "sender_id", "receiver_id", "amount", "status", "type", "description", "created_at", "completed_at" from "transactions" where ("transactions"."sender_id" = $1 or "transactions"."receiver_id" = $2) order by "transactions"."created_at" desc limit $3
params: 4,4,4
[2026-02-11 01:16:07] error: Get transaction history error: Failed query: select "id", "transaction_id", "sender_id", "receiver_id", "amount", "status", "type", "description", "created_at", "completed_at" from "transactions" where ("transactions"."sender_id" = $1 or "transactions"."receiver_id" = $2) order by "transactions"."created_at" desc limit $3
params: 4,4,20
[2026-02-11 01:16:07] error: Get wallet balance error: Failed query: select "wallet_balance", "upi_id", "name" from "users" where "users"."id" = $1
params: 4
[2026-02-11 01:16:07] error: Get transaction history error: Failed query: select "id", "transaction_id", "sender_id", "receiver_id", "amount", "status", "type", "description", "created_at", "completed_at" from "transactions" where ("transactions"."sender_id" = $1 or "transactions"."receiver_id" = $2) order by "transactions"."created_at" desc limit $3
params: 4,4,20
[2026-02-11 01:16:07] error: Get transaction history error: Failed query: select "id", "transaction_id", "sender_id", "receiver_id", "amount", "status", "type", "description", "created_at", "completed_at" from "transactions" where ("transactions"."sender_id" = $1 or "transactions"."receiver_id" = $2) order by "transactions"."created_at" desc limit $3
params: 4,4,4
[2026-02-11 01:16:07] error: Get wallet balance error: Failed query: select "wallet_balance", "upi_id", "name" from "users" where "users"."id" = $1
params: 4
[2026-02-11 01:16:07] error: Get transaction history error: Failed query: select "id", "transaction_id", "sender_id", "receiver_id", "amount", "status", "type", "description", "created_at", "completed_at" from "transactions" where ("transactions"."sender_id" = $1 or "transactions"."receiver_id" = $2) order by "transactions"."created_at" desc limit $3
params: 4,4,20
[2026-02-11 01:16:07] error: Get wallet balance error: Failed query: select "wallet_balance", "upi_id", "name" from "users" where "users"."id" = $1
params: 4
[2026-02-11 01:16:07] error: Get transaction history error: Failed query: select "id", "transaction_id", "sender_id", "receiver_id", "amount", "status", "type", "description", "created_at", "completed_at" from "transactions" where ("transactions"."sender_id" = $1 or "transactions"."receiver_id" = $2) order by "transactions"."created_at" desc limit $3
params: 4,4,4
[2026-02-11 01:16:07] error: Get transaction history error: Failed query: select "id", "transaction_id", "sender_id", "receiver_id", "amount", "status", "type", "description", "created_at", "completed_at" from "transactions" where ("transactions"."sender_id" = $1 or "transactions"."receiver_id" = $2) order by "transactions"."created_at" desc limit $3
params: 4,4,20
[2026-02-11 01:16:07] error: Get transaction history error: Failed query: select "id", "transaction_id", "sender_id", "receiver_id", "amount", "status", "type", "description", "created_at", "completed_at" from "transactions" where ("transactions"."sender_id" = $1 or "transactions"."receiver_id" = $2) order by "transactions"."created_at" desc limit $3
params: 4,4,4
